# Test: illegal.hex

      Clk#   PC 
         4: 00000400 
         5: 00000404 X10: 00000000
         6: 00000406 
         7: 00000408 X28: 00000000
         8: 0000040c X 5: 00000408
         9: 00000410 X 5: 00000200
        10: 00000414 
        11: 00000416 X10: 00000001
        12: 00000418 X10: 80000000
        13: 00000428 
        14: 0000042c X 5: 00000428
        15: 00000430 X 5: 00000000
        16: 0000044c 
        18: 00000450 
        19: 00000454 X10: 00002000
        20: 00000458 X10: 00001800
        22: 0000045c 
        23: 00000460 X 5: 0000045c
        24: 00000464 X 5: 00000500
        25: 00000468 
        26: 0000046c X10: 00000000
        28: 00000500 
        29: 00000504 X28: 00000002
        30: 00000200 
        31: 00000204 X14: 00000002
        32: 00000206 X15: 00000002
        33: 0000020a 
        34: 0000020e X11: f0000000
        35: 00000212 X15: 00000069
        37: 00000216 
        38: 0000021a X15: 0000006c
        40: 0000021e 
        41: 00000222 X15: 0000006c
        43: 00000226 
        44: 0000022a X15: 00000065
        46: 0000022e 
        47: 00000232 X15: 00000067
        49: 00000236 
        50: 0000023a X15: 00000061
        52: 0000023e 
        53: 00000242 X15: 0000006c
        55: 00000246 
        56: 00000248 X15: 0000000a
        58: 0000024c 
        59: 0000024e X15: 00000008
        60: 00000252 
        61: 00000254 X15: 00000009
        62: 00000258 
        63: 0000025a X15: 0000000b
        64: 0000025e 
        65: 00000262 X14: 0000025e
        66: 00000266 X14: 00000700
        67: 00000268 
        68: 00000700 
        69: 00000740 
        70: 00000744 X 6: 00000002
        71: 00000748 X 5: 00000002
        72: 0000074c 
        73: 00000750 X 5: 00000504
        74: 00000754 X 6: 00000750
        75: 00000758 X 6: 00000504
        76: 000007b4 
        77: 000007b8 X 5: 0000050c
        78: 000007bc 
        80: 0000050c 
        81: 00000510 X 5: 00002000
        82: 00000514 X 5: 00001800
        84: 00000518 
        85: 0000051c X 6: 00001000
        86: 00000520 X 6: 00000800
        88: 00000524 
        89: 00000528 X 7: 00001880
        90: 0000052c X 7: 00001800
        91: 0000060c 
        92: 00000610 
        93: 00000614 X11: 00000002
        94: 00000618 X10: 00000000
        95: 00000200 
        96: 00000204 X14: 0000000b
        97: 00000206 X15: 00000002
        98: 0000024c 
        99: 0000024e X15: 00000008
       100: 00000252 
       101: 00000254 X15: 00000009
       102: 00000258 
       103: 0000025a X15: 0000000b
       104: 00000276 
       106: 00000900 
       107: 000000f4 
       108: 000000f8 
       109: 000000f8 
